<?xml version="1.0" encoding="UTF-8"?>
<!-- Generated by org.testng.reporters.JUnitReportReporter -->
<testsuite hostname="NO-002-QA" failures="0" tests="1" name="apipage.TextkrSkillsLookup" time="1.997" errors="0" timestamp="2024-01-03T12:11:31 IST" skipped="0">
  <testcase classname="apipage.TextkrSkillsLookup" name="SkillsLookup" time="1.997"/>
  <system-out/>
</testsuite> <!-- apipage.TextkrSkillsLookup -->
