<?xml version="1.0" encoding="UTF-8"?>
<!-- Generated by org.testng.reporters.JUnitReportReporter -->
<testsuite hostname="NO-002-QA" failures="0" tests="1" name="apipage.TextkrProfnCompleteNormalized" time="1.916" errors="0" timestamp="2024-01-12T12:14:33 IST" skipped="0">
  <testcase classname="apipage.TextkrProfnCompleteNormalized" name="professionsCompleteNormalized" time="1.916"/>
  <system-out/>
</testsuite> <!-- apipage.TextkrProfnCompleteNormalized -->
