<?xml version="1.0" encoding="UTF-8"?>
<!-- Generated by org.testng.reporters.JUnitReportReporter -->
<testsuite hostname="NO-002-QA" failures="0" tests="1" name="apipage.TextkrMatchExtractDo" time="7.177" errors="0" timestamp="2024-01-11T12:12:43 IST" skipped="0">
  <testcase classname="apipage.TextkrMatchExtractDo" name="MatchExtractDo" time="7.177"/>
  <system-out/>
</testsuite> <!-- apipage.TextkrMatchExtractDo -->
