<?xml version="1.0" encoding="UTF-8"?>
<!-- Generated by org.testng.reporters.JUnitReportReporter -->
<testsuite hostname="NO-002-QA" failures="0" tests="1" name="apipage.TextkrCompleteNormalized" time="2.132" errors="0" timestamp="2023-12-13T18:34:28 IST" skipped="0">
  <testcase classname="apipage.TextkrCompleteNormalized" name="completeNormalized" time="2.132"/>
  <system-out/>
</testsuite> <!-- apipage.TextkrCompleteNormalized -->
