<?xml version="1.0" encoding="UTF-8"?>
<!-- Generated by org.testng.reporters.JUnitReportReporter -->
<testsuite hostname="NO-002-QA" failures="0" tests="1" name="apipage.Kvk" time="2.700" errors="0" timestamp="2023-12-28T14:54:26 IST" skipped="0">
  <testcase classname="apipage.Kvk" name="validateKvkNumber" time="2.700"/>
  <system-out/>
</testsuite> <!-- apipage.Kvk -->
