<?xml version="1.0" encoding="UTF-8"?>
<!-- Generated by org.testng.reporters.JUnitReportReporter -->
<testsuite hostname="NO-002-QA" failures="0" tests="1" name="apipage.TextkrMatchExtractDo" time="5.277" errors="0" timestamp="2024-02-01T12:54:42 IST" skipped="0">
  <testcase classname="apipage.TextkrMatchExtractDo" name="MatchExtractDo" time="5.277"/>
  <system-out/>
</testsuite> <!-- apipage.TextkrMatchExtractDo -->
