<?xml version="1.0" encoding="UTF-8"?>
<!-- Generated by org.testng.reporters.JUnitReportReporter -->
<testsuite hostname="NO-002-QA" failures="0" tests="1" name="apipage.TextkrMatchExtractDo" time="7.195" errors="0" timestamp="2024-01-10T15:54:42 IST" skipped="0">
  <testcase classname="apipage.TextkrMatchExtractDo" name="MatchExtractDo" time="7.195"/>
  <system-out/>
</testsuite> <!-- apipage.TextkrMatchExtractDo -->
