<?xml version="1.0" encoding="UTF-8"?>
<!-- Generated by org.testng.reporters.JUnitReportReporter -->
<testsuite hostname="NO-002-QA" failures="0" tests="1" name="apipage.Kvk" time="2.372" errors="0" timestamp="2023-12-14T19:31:06 IST" skipped="0">
  <testcase classname="apipage.Kvk" name="validateKvkNumber" time="2.372"/>
  <system-out/>
</testsuite> <!-- apipage.Kvk -->
