<?xml version="1.0" encoding="UTF-8"?>
<!-- Generated by org.testng.reporters.JUnitReportReporter -->
<testsuite hostname="NO-002-QA" failures="0" tests="1" name="apipage.Kvk" time="1.816" errors="0" timestamp="2024-01-01T15:15:46 IST" skipped="0">
  <testcase classname="apipage.Kvk" name="validateKvkNumber" time="1.816"/>
  <system-out/>
</testsuite> <!-- apipage.Kvk -->
