<?xml version="1.0" encoding="UTF-8"?>
<!-- Generated by org.testng.reporters.JUnitReportReporter -->
<testsuite hostname="NO-002-QA" failures="0" tests="1" name="apipage.TextkrProfnCompleteNormalized" time="1.990" errors="0" timestamp="2024-01-16T11:56:13 IST" skipped="0">
  <testcase classname="apipage.TextkrProfnCompleteNormalized" name="professionsCompleteNormalized" time="1.990"/>
  <system-out/>
</testsuite> <!-- apipage.TextkrProfnCompleteNormalized -->
