<?xml version="1.0" encoding="UTF-8"?>
<!-- Generated by org.testng.reporters.JUnitReportReporter -->
<testsuite hostname="NO-002-QA" failures="0" tests="1" name="apipage.TextkrProfessionsSuggestSkills" time="1.605" errors="0" timestamp="2023-12-26T14:22:54 IST" skipped="0">
  <testcase classname="apipage.TextkrProfessionsSuggestSkills" name="ProfessionsSuggestSkills" time="1.605"/>
  <system-out/>
</testsuite> <!-- apipage.TextkrProfessionsSuggestSkills -->
