<?xml version="1.0" encoding="UTF-8"?>
<!-- Generated by org.testng.reporters.JUnitReportReporter -->
<testsuite hostname="NO-002-QA" failures="0" tests="1" name="apipage.TextkrCompleteNormalized" time="1.555" errors="0" timestamp="2024-01-09T19:09:47 IST" skipped="0">
  <testcase classname="apipage.TextkrCompleteNormalized" name="completeNormalized" time="1.555"/>
  <system-out/>
</testsuite> <!-- apipage.TextkrCompleteNormalized -->
