<?xml version="1.0" encoding="UTF-8"?>
<!-- Generated by org.testng.reporters.JUnitReportReporter -->
<testsuite hostname="NO-002-QA" failures="0" tests="1" name="apipage.TextkrSkillsLookup" time="1.913" errors="0" timestamp="2024-01-11T12:13:10 IST" skipped="0">
  <testcase classname="apipage.TextkrSkillsLookup" name="SkillsLookup" time="1.913"/>
  <system-out/>
</testsuite> <!-- apipage.TextkrSkillsLookup -->
