<?xml version="1.0" encoding="UTF-8"?>
<!-- Generated by org.testng.reporters.JUnitReportReporter -->
<testsuite hostname="NO-002-QA" failures="0" tests="1" name="apipage.TextkrProfnCompleteNormalized" time="17.004" errors="0" timestamp="2024-01-23T12:24:39 IST" skipped="0">
  <testcase classname="apipage.TextkrProfnCompleteNormalized" name="professionsCompleteNormalized" time="17.004"/>
  <system-out/>
</testsuite> <!-- apipage.TextkrProfnCompleteNormalized -->
