<?xml version="1.0" encoding="UTF-8"?>
<!-- Generated by org.testng.reporters.JUnitReportReporter -->
<testsuite hostname="NO-002-QA" failures="0" tests="1" name="apipage.TextkrSkillsLookup" time="1.835" errors="0" timestamp="2024-01-01T13:02:40 IST" skipped="0">
  <testcase classname="apipage.TextkrSkillsLookup" name="SkillsLookup" time="1.835"/>
  <system-out/>
</testsuite> <!-- apipage.TextkrSkillsLookup -->
