<?xml version="1.0" encoding="UTF-8"?>
<!-- Generated by org.testng.reporters.JUnitReportReporter -->
<testsuite hostname="NO-002-QA" failures="0" tests="1" name="apipage.TextkrMatchExtractDo" time="2.099" errors="0" timestamp="2024-01-05T11:55:07 IST" skipped="0">
  <testcase classname="apipage.TextkrMatchExtractDo" name="MatchExtractDo" time="2.099"/>
  <system-out/>
</testsuite> <!-- apipage.TextkrMatchExtractDo -->
