<?xml version="1.0" encoding="UTF-8"?>
<!-- Generated by org.testng.reporters.JUnitReportReporter -->
<testsuite hostname="NO-002-QA" failures="0" tests="1" name="apipage.TextkrProfnCompleteNormalized" time="2.072" errors="0" timestamp="2024-01-02T11:48:56 IST" skipped="0">
  <testcase classname="apipage.TextkrProfnCompleteNormalized" name="professionsCompleteNormalized" time="2.072"/>
  <system-out/>
</testsuite> <!-- apipage.TextkrProfnCompleteNormalized -->
