<?xml version="1.0" encoding="UTF-8"?>
<!-- Generated by org.testng.reporters.JUnitReportReporter -->
<testsuite hostname="NO-002-QA" failures="0" tests="1" name="apipage.TextkrProfessionsSuggestSkills" time="2.049" errors="0" timestamp="2023-12-20T12:07:52 IST" skipped="0">
  <testcase classname="apipage.TextkrProfessionsSuggestSkills" name="ProfessionsSuggestSkills" time="2.049"/>
  <system-out/>
</testsuite> <!-- apipage.TextkrProfessionsSuggestSkills -->
