<?xml version="1.0" encoding="UTF-8"?>
<!-- Generated by org.testng.reporters.JUnitReportReporter -->
<testsuite hostname="NO-002-QA" failures="0" tests="1" name="apipage.TextkrCompleteNormalized" time="1.978" errors="0" timestamp="2023-12-18T11:46:51 IST" skipped="0">
  <testcase classname="apipage.TextkrCompleteNormalized" name="completeNormalized" time="1.978"/>
  <system-out/>
</testsuite> <!-- apipage.TextkrCompleteNormalized -->
