<?xml version="1.0" encoding="UTF-8"?>
<!-- Generated by org.testng.reporters.JUnitReportReporter -->
<testsuite hostname="NO-002-QA" failures="0" tests="1" name="apipage.KvkLive" time="1.996" errors="0" timestamp="2024-01-02T12:08:06 IST" skipped="0">
  <testcase classname="apipage.KvkLive" name="validateKvkNumber" time="1.996"/>
  <system-out/>
</testsuite> <!-- apipage.KvkLive -->
