<?xml version="1.0" encoding="UTF-8"?>
<!-- Generated by org.testng.reporters.JUnitReportReporter -->
<testsuite hostname="NO-002-QA" failures="0" tests="1" name="apipage.TextkrProfnCompleteNormalized" time="1.956" errors="0" timestamp="2023-12-18T11:49:00 IST" skipped="0">
  <testcase classname="apipage.TextkrProfnCompleteNormalized" name="professionsCompleteNormalized" time="1.956"/>
  <system-out/>
</testsuite> <!-- apipage.TextkrProfnCompleteNormalized -->
