<?xml version="1.0" encoding="UTF-8"?>
<!-- Generated by org.testng.reporters.JUnitReportReporter -->
<testsuite hostname="NO-002-QA" failures="0" tests="1" name="apipage.TextkrProfessionsSuggestSkills" time="2.055" errors="0" timestamp="2023-12-28T14:57:53 IST" skipped="0">
  <testcase classname="apipage.TextkrProfessionsSuggestSkills" name="ProfessionsSuggestSkills" time="2.055"/>
  <system-out/>
</testsuite> <!-- apipage.TextkrProfessionsSuggestSkills -->
