<?xml version="1.0" encoding="UTF-8"?>
<!-- Generated by org.testng.reporters.JUnitReportReporter -->
<testsuite hostname="NO-002-QA" failures="0" tests="1" name="apipage.TextkrProfnCompleteNormalized" time="1.689" errors="0" timestamp="2024-01-01T15:16:35 IST" skipped="0">
  <testcase classname="apipage.TextkrProfnCompleteNormalized" name="professionsCompleteNormalized" time="1.689"/>
  <system-out/>
</testsuite> <!-- apipage.TextkrProfnCompleteNormalized -->
