<?xml version="1.0" encoding="UTF-8"?>
<!-- Generated by org.testng.reporters.JUnitReportReporter -->
<testsuite hostname="NO-002-QA" failures="0" tests="1" name="apipage.Kvk" time="2.276" errors="0" timestamp="2023-12-18T11:45:04 IST" skipped="0">
  <testcase classname="apipage.Kvk" name="validateKvkNumber" time="2.276"/>
  <system-out/>
</testsuite> <!-- apipage.Kvk -->
