<?xml version="1.0" encoding="UTF-8"?>
<!-- Generated by org.testng.reporters.JUnitReportReporter -->
<testsuite hostname="NO-002-QA" failures="0" tests="1" name="apipage.TextkrMatchExtractDo" time="11.013" errors="0" timestamp="2024-01-12T12:14:12 IST" skipped="0">
  <testcase classname="apipage.TextkrMatchExtractDo" name="MatchExtractDo" time="11.013"/>
  <system-out/>
</testsuite> <!-- apipage.TextkrMatchExtractDo -->
