<?xml version="1.0" encoding="UTF-8"?>
<!-- Generated by org.testng.reporters.JUnitReportReporter -->
<testsuite hostname="NO-002-QA" failures="0" tests="1" name="apipage.TextkrCompleteNormalizedLive" time="1.968" errors="0" timestamp="2024-02-19T12:12:57 IST" skipped="0">
  <testcase classname="apipage.TextkrCompleteNormalizedLive" name="completeNormalized" time="1.968"/>
  <system-out/>
</testsuite> <!-- apipage.TextkrCompleteNormalizedLive -->
