<?xml version="1.0" encoding="UTF-8"?>
<!-- Generated by org.testng.reporters.JUnitReportReporter -->
<testsuite hostname="NO-002-QA" failures="0" tests="1" name="apipage.TextkrSkillsLookup" time="1.952" errors="0" timestamp="2024-01-23T12:24:50 IST" skipped="0">
  <testcase classname="apipage.TextkrSkillsLookup" name="SkillsLookup" time="1.952"/>
  <system-out/>
</testsuite> <!-- apipage.TextkrSkillsLookup -->
