<?xml version="1.0" encoding="UTF-8"?>
<!-- Generated by org.testng.reporters.JUnitReportReporter -->
<testsuite hostname="NO-002-QA" failures="0" tests="1" name="apipage.Kvk" time="1.850" errors="0" timestamp="2024-01-09T19:09:37 IST" skipped="0">
  <testcase classname="apipage.Kvk" name="validateKvkNumber" time="1.850"/>
  <system-out/>
</testsuite> <!-- apipage.Kvk -->
