<?xml version="1.0" encoding="UTF-8"?>
<!-- Generated by org.testng.reporters.JUnitReportReporter -->
<testsuite hostname="NO-002-QA" failures="0" tests="1" name="apipage.TextkrMatchExtractDo" time="5.468" errors="0" timestamp="2024-01-02T11:48:37 IST" skipped="0">
  <testcase classname="apipage.TextkrMatchExtractDo" name="MatchExtractDo" time="5.468"/>
  <system-out/>
</testsuite> <!-- apipage.TextkrMatchExtractDo -->
