<?xml version="1.0" encoding="UTF-8"?>
<!-- Generated by org.testng.reporters.JUnitReportReporter -->
<testsuite hostname="NO-002-QA" failures="0" tests="1" name="apipage.Kvk" time="2.404" errors="0" timestamp="2024-01-02T11:48:12 IST" skipped="0">
  <testcase classname="apipage.Kvk" name="validateKvkNumber" time="2.404"/>
  <system-out/>
</testsuite> <!-- apipage.Kvk -->
