<?xml version="1.0" encoding="UTF-8"?>
<!-- Generated by org.testng.reporters.JUnitReportReporter -->
<testsuite hostname="NO-002-QA" failures="0" tests="1" name="apipage.TextkrCompleteNormalized" time="1.936" errors="0" timestamp="2023-12-28T14:55:33 IST" skipped="0">
  <testcase classname="apipage.TextkrCompleteNormalized" name="completeNormalized" time="1.936"/>
  <system-out/>
</testsuite> <!-- apipage.TextkrCompleteNormalized -->
