<?xml version="1.0" encoding="UTF-8"?>
<!-- Generated by org.testng.reporters.JUnitReportReporter -->
<testsuite hostname="NO-002-QA" failures="0" tests="1" name="apipage.TextkrProfnCompleteNormalized" time="1.698" errors="0" timestamp="2023-12-15T12:58:14 IST" skipped="0">
  <testcase classname="apipage.TextkrProfnCompleteNormalized" name="professionsCompleteNormalized" time="1.698"/>
  <system-out/>
</testsuite> <!-- apipage.TextkrProfnCompleteNormalized -->
