<?xml version="1.0" encoding="UTF-8"?>
<!-- Generated by org.testng.reporters.JUnitReportReporter -->
<testsuite hostname="NO-002-QA" failures="0" tests="1" name="apipage.TextkrProfessionsSuggestSkills" time="1.881" errors="0" timestamp="2024-01-18T13:06:19 IST" skipped="0">
  <testcase classname="apipage.TextkrProfessionsSuggestSkills" name="ProfessionsSuggestSkills" time="1.881"/>
  <system-out/>
</testsuite> <!-- apipage.TextkrProfessionsSuggestSkills -->
