<?xml version="1.0" encoding="UTF-8"?>
<!-- Generated by org.testng.reporters.JUnitReportReporter -->
<testsuite hostname="NO-002-QA" failures="0" tests="1" name="apipage.TextkrSkillsLookup" time="2.089" errors="0" timestamp="2024-01-10T15:55:10 IST" skipped="0">
  <testcase classname="apipage.TextkrSkillsLookup" name="SkillsLookup" time="2.089"/>
  <system-out/>
</testsuite> <!-- apipage.TextkrSkillsLookup -->
