<?xml version="1.0" encoding="UTF-8"?>
<!-- Generated by org.testng.reporters.JUnitReportReporter -->
<testsuite hostname="NO-002-QA" failures="0" tests="1" name="apipage.KvkLive" time="2.582" errors="0" timestamp="2024-01-02T12:46:39 IST" skipped="0">
  <testcase classname="apipage.KvkLive" name="validateKvkNumber" time="2.582"/>
  <system-out/>
</testsuite> <!-- apipage.KvkLive -->
